BubbleScanner/app/libs/LiveEdgeDetection/liveedgedetection/build/outputs/logs/manifest-merger-debug-report.txt
-- Merging decision tree log ---
manifest
ADDED from src/main/AndroidManifest.xml:2:1-18:12
INJECTED from src/main/AndroidManifest.xml:2:1-18:12
INJECTED from src/main/AndroidManifest.xml:2:1-18:12
INJECTED from src/main/AndroidManifest.xml:2:1-18:12
INJECTED from src/main/AndroidManifest.xml:2:1-18:12
INJECTED from src/main/AndroidManifest.xml:2:1-18:12
INJECTED from src/main/AndroidManifest.xml:2:1-18:12
	package
		ADDED from src/main/AndroidManifest.xml:3:5-48
		INJECTED from src/main/AndroidManifest.xml
		INJECTED from src/main/AndroidManifest.xml
	android:versionName
		INJECTED from src/main/AndroidManifest.xml
		ADDED from src/main/AndroidManifest.xml:2:1-18:12
		INJECTED from src/main/AndroidManifest.xml
	android:versionCode
		INJECTED from src/main/AndroidManifest.xml
		ADDED from src/main/AndroidManifest.xml:2:1-18:12
		INJECTED from src/main/AndroidManifest.xml
	xmlns:android
		ADDED from src/main/AndroidManifest.xml:2:11-69
uses-permission#android.permission.CAMERA
ADDED from src/main/AndroidManifest.xml:5:5-65
	android:name
		ADDED from src/main/AndroidManifest.xml:5:22-62
uses-permission#android.permission.WRITE_EXTERNAL_STORAGE
ADDED from src/main/AndroidManifest.xml:6:5-81
	android:name
		ADDED from src/main/AndroidManifest.xml:6:22-78
uses-feature#android.hardware.camera
ADDED from src/main/AndroidManifest.xml:9:5-60
	android:name
		ADDED from src/main/AndroidManifest.xml:9:19-57
application
ADDED from src/main/AndroidManifest.xml:11:5-16:19
	android:supportsRtl
		ADDED from src/main/AndroidManifest.xml:11:18-44
activity#com.adityaarora.liveedgedetection.activity.ScanActivity
ADDED from src/main/AndroidManifest.xml:12:9-14:72
	android:theme
		ADDED from src/main/AndroidManifest.xml:14:13-69
	android:name
		ADDED from src/main/AndroidManifest.xml:13:13-83
uses-sdk
INJECTED from src/main/AndroidManifest.xml reason: use-sdk injection requested
INJECTED from src/main/AndroidManifest.xml
INJECTED from src/main/AndroidManifest.xml
INJECTED from src/main/AndroidManifest.xml
INJECTED from src/main/AndroidManifest.xml
	android:targetSdkVersion
		INJECTED from src/main/AndroidManifest.xml
		ADDED from src/main/AndroidManifest.xml
		INJECTED from src/main/AndroidManifest.xml
	android:minSdkVersion
		INJECTED from src/main/AndroidManifest.xml
		ADDED from src/main/AndroidManifest.xml
		INJECTED from src/main/AndroidManifest.xml